[17-May-2018 15:41:30] NOTICE: fpm is running, pid 14
[17-May-2018 15:41:30] NOTICE: ready to handle connections
[19-May-2018 23:12:57] NOTICE: fpm is running, pid 8
[19-May-2018 23:12:57] NOTICE: ready to handle connections
[23-May-2018 21:10:43] NOTICE: fpm is running, pid 8
[23-May-2018 21:10:43] NOTICE: ready to handle connections
[25-May-2018 11:26:38] NOTICE: fpm is running, pid 8
[25-May-2018 11:26:38] NOTICE: ready to handle connections
[27-May-2018 01:32:53] NOTICE: fpm is running, pid 8
[27-May-2018 01:32:53] NOTICE: ready to handle connections
[28-May-2018 02:04:03] NOTICE: fpm is running, pid 8
[28-May-2018 02:04:03] NOTICE: ready to handle connections
[06-Jun-2018 20:16:55] NOTICE: fpm is running, pid 8
[06-Jun-2018 20:16:55] NOTICE: ready to handle connections
[10-Jun-2018 00:21:27] NOTICE: fpm is running, pid 8
[10-Jun-2018 00:21:27] NOTICE: ready to handle connections
[10-Jun-2018 00:57:43] WARNING: [pool www] server reached pm.max_children setting (5), consider raising it
[20-Jun-2018 19:38:34] NOTICE: fpm is running, pid 8
[20-Jun-2018 19:38:34] NOTICE: ready to handle connections
[07-Aug-2018 12:56:00] NOTICE: fpm is running, pid 8
[07-Aug-2018 12:56:00] NOTICE: ready to handle connections
[13-Aug-2018 12:36:55] NOTICE: fpm is running, pid 8
[13-Aug-2018 12:36:55] NOTICE: ready to handle connections
[16-Aug-2018 17:35:03] NOTICE: fpm is running, pid 8
[16-Aug-2018 17:35:03] NOTICE: ready to handle connections
[18-Aug-2018 19:21:50] NOTICE: fpm is running, pid 8
[18-Aug-2018 19:21:50] NOTICE: ready to handle connections
[27-Aug-2018 21:25:49] WARNING: [pool www] server reached pm.max_children setting (5), consider raising it
[27-Aug-2018 21:27:47] WARNING: [pool www] server reached pm.max_children setting (5), consider raising it
[27-Aug-2018 22:12:46] NOTICE: Terminating ...
[27-Aug-2018 22:12:46] NOTICE: exiting, bye-bye!
[27-Aug-2018 22:12:55] NOTICE: fpm is running, pid 30
[27-Aug-2018 22:12:55] NOTICE: ready to handle connections
[03-Sep-2018 22:15:17] NOTICE: fpm is running, pid 8
[03-Sep-2018 22:15:17] NOTICE: ready to handle connections
[06-Sep-2018 15:20:27] NOTICE: Terminating ...
[06-Sep-2018 15:20:27] NOTICE: exiting, bye-bye!
[06-Sep-2018 15:57:00] NOTICE: fpm is running, pid 25
[06-Sep-2018 15:57:00] NOTICE: ready to handle connections
[06-Sep-2018 19:38:10] NOTICE: fpm is running, pid 34
[06-Sep-2018 19:38:10] NOTICE: ready to handle connections
[02-Oct-2018 22:50:01] NOTICE: fpm is running, pid 8
[02-Oct-2018 22:50:01] NOTICE: ready to handle connections
