2018-05-17 15:41:30 28 [Warning] Using unique option prefix myisam-recover instead of myisam-recover-options is deprecated and will be removed in a future release. Please use the full name instead.
2018-05-17 15:41:30 28 [Note] Plugin 'FEDERATED' is disabled.
2018-05-17 15:41:30 28 [Note] InnoDB: Using atomics to ref count buffer pool pages
2018-05-17 15:41:30 28 [Note] InnoDB: The InnoDB memory heap is disabled
2018-05-17 15:41:30 28 [Note] InnoDB: Mutexes and rw_locks use GCC atomic builtins
2018-05-17 15:41:30 28 [Note] InnoDB: Memory barrier is not used
2018-05-17 15:41:30 28 [Note] InnoDB: Compressed tables use zlib 1.2.3
2018-05-17 15:41:30 28 [Note] InnoDB: Using Linux native AIO
2018-05-17 15:41:30 28 [Note] InnoDB: Using CPU crc32 instructions
2018-05-17 15:41:30 28 [Note] InnoDB: Initializing buffer pool, size = 32.0M
2018-05-17 15:41:30 28 [Note] InnoDB: Completed initialization of buffer pool
2018-05-17 15:41:30 28 [Note] InnoDB: Highest supported file format is Barracuda.
2018-05-17 15:41:30 28 [Note] InnoDB: The log sequence numbers 1625987 and 1625987 in ibdata files do not match the log sequence number 1625997 in the ib_logfiles!
2018-05-17 15:41:30 28 [Note] InnoDB: Database was not shutdown normally!
2018-05-17 15:41:30 28 [Note] InnoDB: Starting crash recovery.
2018-05-17 15:41:30 28 [Note] InnoDB: Reading tablespace information from the .ibd files...
2018-05-17 15:41:30 28 [Note] InnoDB: Restoring possible half-written data pages 
2018-05-17 15:41:30 28 [Note] InnoDB: from the doublewrite buffer...
2018-05-17 15:41:30 28 [Note] InnoDB: 128 rollback segment(s) are active.
2018-05-17 15:41:30 28 [Note] InnoDB: Waiting for purge to start
2018-05-17 15:41:30 28 [Note] InnoDB: 5.6.37 started; log sequence number 1625997
2018-05-17 15:41:30 28 [Note] Server hostname (bind-address): '*'; port: 3306
2018-05-17 15:41:30 28 [Note] IPv6 is available.
2018-05-17 15:41:30 28 [Note]   - '::' resolves to '::';
2018-05-17 15:41:30 28 [Note] Server socket created on IP: '::'.
2018-05-17 15:41:30 28 [ERROR] /usr/sbin/mysqld: Table './mysql/user' is marked as crashed and should be repaired
2018-05-17 15:41:30 28 [Warning] Checking table:   './mysql/user'
2018-05-17 15:41:30 28 [ERROR] 1 client is using or hasn't closed the table properly
2018-05-17 15:41:30 28 [Warning] 'user' entry 'root@e24d0b5cccc1' ignored in --skip-name-resolve mode.
2018-05-17 15:41:30 28 [Warning] 'user' entry '@e24d0b5cccc1' ignored in --skip-name-resolve mode.
2018-05-17 15:41:30 28 [Warning] 'proxies_priv' entry '@ root@e24d0b5cccc1' ignored in --skip-name-resolve mode.
2018-05-17 15:41:30 28 [Note] Event Scheduler: Loaded 0 events
2018-05-17 15:41:30 28 [Note] /usr/sbin/mysqld: ready for connections.
Version: '5.6.37'  socket: '/var/run/mysqld/mysqld.sock'  port: 3306  MySQL Community Server (GPL)
2018-05-19 23:12:57 19 [Warning] Using unique option prefix myisam-recover instead of myisam-recover-options is deprecated and will be removed in a future release. Please use the full name instead.
2018-05-19 23:12:57 19 [Note] Plugin 'FEDERATED' is disabled.
2018-05-19 23:12:57 19 [Note] InnoDB: Using atomics to ref count buffer pool pages
2018-05-19 23:12:57 19 [Note] InnoDB: The InnoDB memory heap is disabled
2018-05-19 23:12:57 19 [Note] InnoDB: Mutexes and rw_locks use GCC atomic builtins
2018-05-19 23:12:57 19 [Note] InnoDB: Memory barrier is not used
2018-05-19 23:12:57 19 [Note] InnoDB: Compressed tables use zlib 1.2.3
2018-05-19 23:12:57 19 [Note] InnoDB: Using Linux native AIO
2018-05-19 23:12:57 19 [Note] InnoDB: Using CPU crc32 instructions
2018-05-19 23:12:57 19 [Note] InnoDB: Initializing buffer pool, size = 32.0M
2018-05-19 23:12:57 19 [Note] InnoDB: Completed initialization of buffer pool
2018-05-19 23:12:57 19 [Note] InnoDB: Highest supported file format is Barracuda.
2018-05-19 23:12:57 19 [Note] InnoDB: The log sequence numbers 1625987 and 1625987 in ibdata files do not match the log sequence number 2836121 in the ib_logfiles!
2018-05-19 23:12:57 19 [Note] InnoDB: Database was not shutdown normally!
2018-05-19 23:12:57 19 [Note] InnoDB: Starting crash recovery.
2018-05-19 23:12:57 19 [Note] InnoDB: Reading tablespace information from the .ibd files...
2018-05-19 23:12:57 19 [Note] InnoDB: Restoring possible half-written data pages 
2018-05-19 23:12:57 19 [Note] InnoDB: from the doublewrite buffer...
2018-05-19 23:12:57 19 [Note] InnoDB: 128 rollback segment(s) are active.
2018-05-19 23:12:57 19 [Note] InnoDB: Waiting for purge to start
2018-05-19 23:12:57 19 [Note] InnoDB: 5.6.37 started; log sequence number 2836121
2018-05-19 23:12:57 19 [Note] Server hostname (bind-address): '*'; port: 3306
2018-05-19 23:12:57 19 [Note] IPv6 is available.
2018-05-19 23:12:57 19 [Note]   - '::' resolves to '::';
2018-05-19 23:12:57 19 [Note] Server socket created on IP: '::'.
2018-05-19 23:12:57 19 [Warning] 'user' entry 'root@e24d0b5cccc1' ignored in --skip-name-resolve mode.
2018-05-19 23:12:57 19 [Warning] 'user' entry '@e24d0b5cccc1' ignored in --skip-name-resolve mode.
2018-05-19 23:12:57 19 [Warning] 'proxies_priv' entry '@ root@e24d0b5cccc1' ignored in --skip-name-resolve mode.
2018-05-19 23:12:57 19 [Note] Event Scheduler: Loaded 0 events
2018-05-19 23:12:57 19 [Note] /usr/sbin/mysqld: ready for connections.
Version: '5.6.37'  socket: '/var/run/mysqld/mysqld.sock'  port: 3306  MySQL Community Server (GPL)
2018-05-23 21:10:43 19 [Warning] Using unique option prefix myisam-recover instead of myisam-recover-options is deprecated and will be removed in a future release. Please use the full name instead.
2018-05-23 21:10:43 19 [Note] Plugin 'FEDERATED' is disabled.
2018-05-23 21:10:43 19 [Note] InnoDB: Using atomics to ref count buffer pool pages
2018-05-23 21:10:43 19 [Note] InnoDB: The InnoDB memory heap is disabled
2018-05-23 21:10:43 19 [Note] InnoDB: Mutexes and rw_locks use GCC atomic builtins
2018-05-23 21:10:43 19 [Note] InnoDB: Memory barrier is not used
2018-05-23 21:10:43 19 [Note] InnoDB: Compressed tables use zlib 1.2.3
2018-05-23 21:10:43 19 [Note] InnoDB: Using Linux native AIO
2018-05-23 21:10:43 19 [Note] InnoDB: Using CPU crc32 instructions
2018-05-23 21:10:43 19 [Note] InnoDB: Initializing buffer pool, size = 32.0M
2018-05-23 21:10:43 19 [Note] InnoDB: Completed initialization of buffer pool
2018-05-23 21:10:43 19 [Note] InnoDB: Highest supported file format is Barracuda.
2018-05-23 21:10:43 19 [Note] InnoDB: The log sequence numbers 1625987 and 1625987 in ibdata files do not match the log sequence number 2875805 in the ib_logfiles!
2018-05-23 21:10:43 19 [Note] InnoDB: Database was not shutdown normally!
2018-05-23 21:10:43 19 [Note] InnoDB: Starting crash recovery.
2018-05-23 21:10:43 19 [Note] InnoDB: Reading tablespace information from the .ibd files...
2018-05-23 21:10:43 19 [Note] InnoDB: Restoring possible half-written data pages 
2018-05-23 21:10:43 19 [Note] InnoDB: from the doublewrite buffer...
2018-05-23 21:10:43 19 [Note] InnoDB: 128 rollback segment(s) are active.
2018-05-23 21:10:43 19 [Note] InnoDB: Waiting for purge to start
2018-05-23 21:10:43 19 [Note] InnoDB: 5.6.37 started; log sequence number 2875805
2018-05-23 21:10:43 19 [Note] Server hostname (bind-address): '*'; port: 3306
2018-05-23 21:10:43 19 [Note] IPv6 is available.
2018-05-23 21:10:43 19 [Note]   - '::' resolves to '::';
2018-05-23 21:10:43 19 [Note] Server socket created on IP: '::'.
2018-05-23 21:10:43 19 [Warning] 'user' entry 'root@e24d0b5cccc1' ignored in --skip-name-resolve mode.
2018-05-23 21:10:43 19 [Warning] 'user' entry '@e24d0b5cccc1' ignored in --skip-name-resolve mode.
2018-05-23 21:10:43 19 [Warning] 'proxies_priv' entry '@ root@e24d0b5cccc1' ignored in --skip-name-resolve mode.
2018-05-23 21:10:43 19 [Note] Event Scheduler: Loaded 0 events
2018-05-23 21:10:43 19 [Note] /usr/sbin/mysqld: ready for connections.
Version: '5.6.37'  socket: '/var/run/mysqld/mysqld.sock'  port: 3306  MySQL Community Server (GPL)
2018-05-25 11:26:38 19 [Warning] Using unique option prefix myisam-recover instead of myisam-recover-options is deprecated and will be removed in a future release. Please use the full name instead.
2018-05-25 11:26:38 19 [Note] Plugin 'FEDERATED' is disabled.
2018-05-25 11:26:38 19 [Note] InnoDB: Using atomics to ref count buffer pool pages
2018-05-25 11:26:38 19 [Note] InnoDB: The InnoDB memory heap is disabled
2018-05-25 11:26:38 19 [Note] InnoDB: Mutexes and rw_locks use GCC atomic builtins
2018-05-25 11:26:38 19 [Note] InnoDB: Memory barrier is not used
2018-05-25 11:26:38 19 [Note] InnoDB: Compressed tables use zlib 1.2.3
2018-05-25 11:26:38 19 [Note] InnoDB: Using Linux native AIO
2018-05-25 11:26:38 19 [Note] InnoDB: Using CPU crc32 instructions
2018-05-25 11:26:38 19 [Note] InnoDB: Initializing buffer pool, size = 32.0M
2018-05-25 11:26:38 19 [Note] InnoDB: Completed initialization of buffer pool
2018-05-25 11:26:38 19 [Note] InnoDB: Highest supported file format is Barracuda.
2018-05-25 11:26:38 19 [Note] InnoDB: The log sequence numbers 1625987 and 1625987 in ibdata files do not match the log sequence number 6611493 in the ib_logfiles!
2018-05-25 11:26:38 19 [Note] InnoDB: Database was not shutdown normally!
2018-05-25 11:26:38 19 [Note] InnoDB: Starting crash recovery.
2018-05-25 11:26:38 19 [Note] InnoDB: Reading tablespace information from the .ibd files...
2018-05-25 11:26:38 19 [Note] InnoDB: Restoring possible half-written data pages 
2018-05-25 11:26:38 19 [Note] InnoDB: from the doublewrite buffer...
2018-05-25 11:26:39 19 [Note] InnoDB: 128 rollback segment(s) are active.
2018-05-25 11:26:39 19 [Note] InnoDB: Waiting for purge to start
2018-05-25 11:26:39 19 [Note] InnoDB: 5.6.37 started; log sequence number 6611493
2018-05-25 11:26:39 19 [Note] Server hostname (bind-address): '*'; port: 3306
2018-05-25 11:26:39 19 [Note] IPv6 is available.
2018-05-25 11:26:39 19 [Note]   - '::' resolves to '::';
2018-05-25 11:26:39 19 [Note] Server socket created on IP: '::'.
2018-05-25 11:26:39 19 [Warning] 'user' entry 'root@e24d0b5cccc1' ignored in --skip-name-resolve mode.
2018-05-25 11:26:39 19 [Warning] 'user' entry '@e24d0b5cccc1' ignored in --skip-name-resolve mode.
2018-05-25 11:26:39 19 [Warning] 'proxies_priv' entry '@ root@e24d0b5cccc1' ignored in --skip-name-resolve mode.
2018-05-25 11:26:39 19 [Note] Event Scheduler: Loaded 0 events
2018-05-25 11:26:39 19 [Note] /usr/sbin/mysqld: ready for connections.
Version: '5.6.37'  socket: '/var/run/mysqld/mysqld.sock'  port: 3306  MySQL Community Server (GPL)
2018-05-27 01:32:53 19 [Warning] Using unique option prefix myisam-recover instead of myisam-recover-options is deprecated and will be removed in a future release. Please use the full name instead.
2018-05-27 01:32:53 19 [Note] Plugin 'FEDERATED' is disabled.
2018-05-27 01:32:53 19 [Note] InnoDB: Using atomics to ref count buffer pool pages
2018-05-27 01:32:53 19 [Note] InnoDB: The InnoDB memory heap is disabled
2018-05-27 01:32:53 19 [Note] InnoDB: Mutexes and rw_locks use GCC atomic builtins
2018-05-27 01:32:53 19 [Note] InnoDB: Memory barrier is not used
2018-05-27 01:32:53 19 [Note] InnoDB: Compressed tables use zlib 1.2.3
2018-05-27 01:32:53 19 [Note] InnoDB: Using Linux native AIO
2018-05-27 01:32:53 19 [Note] InnoDB: Using CPU crc32 instructions
2018-05-27 01:32:53 19 [Note] InnoDB: Initializing buffer pool, size = 32.0M
2018-05-27 01:32:53 19 [Note] InnoDB: Completed initialization of buffer pool
2018-05-27 01:32:53 19 [Note] InnoDB: Highest supported file format is Barracuda.
2018-05-27 01:32:53 19 [Note] InnoDB: The log sequence numbers 1625987 and 1625987 in ibdata files do not match the log sequence number 7534887 in the ib_logfiles!
2018-05-27 01:32:53 19 [Note] InnoDB: Database was not shutdown normally!
2018-05-27 01:32:53 19 [Note] InnoDB: Starting crash recovery.
2018-05-27 01:32:53 19 [Note] InnoDB: Reading tablespace information from the .ibd files...
2018-05-27 01:32:53 19 [Note] InnoDB: Restoring possible half-written data pages 
2018-05-27 01:32:53 19 [Note] InnoDB: from the doublewrite buffer...
2018-05-27 01:32:53 19 [Note] InnoDB: 128 rollback segment(s) are active.
2018-05-27 01:32:53 19 [Note] InnoDB: Waiting for purge to start
2018-05-27 01:32:53 19 [Note] InnoDB: 5.6.37 started; log sequence number 7534887
2018-05-27 01:32:53 19 [Note] Server hostname (bind-address): '*'; port: 3306
2018-05-27 01:32:53 19 [Note] IPv6 is available.
2018-05-27 01:32:53 19 [Note]   - '::' resolves to '::';
2018-05-27 01:32:53 19 [Note] Server socket created on IP: '::'.
2018-05-27 01:32:53 19 [Warning] 'user' entry 'root@e24d0b5cccc1' ignored in --skip-name-resolve mode.
2018-05-27 01:32:53 19 [Warning] 'user' entry '@e24d0b5cccc1' ignored in --skip-name-resolve mode.
2018-05-27 01:32:53 19 [Warning] 'proxies_priv' entry '@ root@e24d0b5cccc1' ignored in --skip-name-resolve mode.
2018-05-27 01:32:53 19 [Note] Event Scheduler: Loaded 0 events
2018-05-27 01:32:53 19 [Note] /usr/sbin/mysqld: ready for connections.
Version: '5.6.37'  socket: '/var/run/mysqld/mysqld.sock'  port: 3306  MySQL Community Server (GPL)
2018-05-28 02:04:03 20 [Warning] Using unique option prefix myisam-recover instead of myisam-recover-options is deprecated and will be removed in a future release. Please use the full name instead.
2018-05-28 02:04:03 20 [Note] Plugin 'FEDERATED' is disabled.
2018-05-28 02:04:03 20 [Note] InnoDB: Using atomics to ref count buffer pool pages
2018-05-28 02:04:03 20 [Note] InnoDB: The InnoDB memory heap is disabled
2018-05-28 02:04:03 20 [Note] InnoDB: Mutexes and rw_locks use GCC atomic builtins
2018-05-28 02:04:03 20 [Note] InnoDB: Memory barrier is not used
2018-05-28 02:04:03 20 [Note] InnoDB: Compressed tables use zlib 1.2.3
2018-05-28 02:04:03 20 [Note] InnoDB: Using Linux native AIO
2018-05-28 02:04:03 20 [Note] InnoDB: Using CPU crc32 instructions
2018-05-28 02:04:03 20 [Note] InnoDB: Initializing buffer pool, size = 32.0M
2018-05-28 02:04:03 20 [Note] InnoDB: Completed initialization of buffer pool
2018-05-28 02:04:03 20 [Note] InnoDB: Highest supported file format is Barracuda.
2018-05-28 02:04:03 20 [Note] InnoDB: The log sequence numbers 1625987 and 1625987 in ibdata files do not match the log sequence number 7659064 in the ib_logfiles!
2018-05-28 02:04:03 20 [Note] InnoDB: Database was not shutdown normally!
2018-05-28 02:04:03 20 [Note] InnoDB: Starting crash recovery.
2018-05-28 02:04:03 20 [Note] InnoDB: Reading tablespace information from the .ibd files...
2018-05-28 02:04:03 20 [Note] InnoDB: Restoring possible half-written data pages 
2018-05-28 02:04:03 20 [Note] InnoDB: from the doublewrite buffer...
2018-05-28 02:04:04 20 [Note] InnoDB: 128 rollback segment(s) are active.
2018-05-28 02:04:04 20 [Note] InnoDB: Waiting for purge to start
2018-05-28 02:04:04 20 [Note] InnoDB: 5.6.37 started; log sequence number 7659064
2018-05-28 02:04:04 20 [Note] Server hostname (bind-address): '*'; port: 3306
2018-05-28 02:04:04 20 [Note] IPv6 is available.
2018-05-28 02:04:04 20 [Note]   - '::' resolves to '::';
2018-05-28 02:04:04 20 [Note] Server socket created on IP: '::'.
2018-05-28 02:04:04 20 [Warning] 'user' entry 'root@e24d0b5cccc1' ignored in --skip-name-resolve mode.
2018-05-28 02:04:04 20 [Warning] 'user' entry '@e24d0b5cccc1' ignored in --skip-name-resolve mode.
2018-05-28 02:04:04 20 [Warning] 'proxies_priv' entry '@ root@e24d0b5cccc1' ignored in --skip-name-resolve mode.
2018-05-28 02:04:04 20 [Note] Event Scheduler: Loaded 0 events
2018-05-28 02:04:04 20 [Note] /usr/sbin/mysqld: ready for connections.
Version: '5.6.37'  socket: '/var/run/mysqld/mysqld.sock'  port: 3306  MySQL Community Server (GPL)
2018-06-06 20:16:55 14 [Warning] Using unique option prefix myisam-recover instead of myisam-recover-options is deprecated and will be removed in a future release. Please use the full name instead.
2018-06-06 20:16:55 14 [Note] Plugin 'FEDERATED' is disabled.
2018-06-06 20:16:55 14 [Note] InnoDB: Using atomics to ref count buffer pool pages
2018-06-06 20:16:55 14 [Note] InnoDB: The InnoDB memory heap is disabled
2018-06-06 20:16:55 14 [Note] InnoDB: Mutexes and rw_locks use GCC atomic builtins
2018-06-06 20:16:55 14 [Note] InnoDB: Memory barrier is not used
2018-06-06 20:16:55 14 [Note] InnoDB: Compressed tables use zlib 1.2.3
2018-06-06 20:16:55 14 [Note] InnoDB: Using Linux native AIO
2018-06-06 20:16:55 14 [Note] InnoDB: Using CPU crc32 instructions
2018-06-06 20:16:55 14 [Note] InnoDB: Initializing buffer pool, size = 32.0M
2018-06-06 20:16:55 14 [Note] InnoDB: Completed initialization of buffer pool
2018-06-06 20:16:55 14 [Note] InnoDB: Highest supported file format is Barracuda.
2018-06-06 20:16:55 14 [Note] InnoDB: The log sequence numbers 1625987 and 1625987 in ibdata files do not match the log sequence number 9880724 in the ib_logfiles!
2018-06-06 20:16:55 14 [Note] InnoDB: Database was not shutdown normally!
2018-06-06 20:16:55 14 [Note] InnoDB: Starting crash recovery.
2018-06-06 20:16:55 14 [Note] InnoDB: Reading tablespace information from the .ibd files...
2018-06-06 20:16:55 14 [Note] InnoDB: Restoring possible half-written data pages 
2018-06-06 20:16:55 14 [Note] InnoDB: from the doublewrite buffer...
2018-06-06 20:16:56 14 [Note] InnoDB: 128 rollback segment(s) are active.
2018-06-06 20:16:56 14 [Note] InnoDB: Waiting for purge to start
2018-06-06 20:16:56 14 [Note] InnoDB: 5.6.37 started; log sequence number 9880724
2018-06-06 20:16:56 14 [Note] Server hostname (bind-address): '*'; port: 3306
2018-06-06 20:16:56 14 [Note] IPv6 is available.
2018-06-06 20:16:56 14 [Note]   - '::' resolves to '::';
2018-06-06 20:16:56 14 [Note] Server socket created on IP: '::'.
2018-06-06 20:16:56 14 [Warning] 'user' entry 'root@e24d0b5cccc1' ignored in --skip-name-resolve mode.
2018-06-06 20:16:56 14 [Warning] 'user' entry '@e24d0b5cccc1' ignored in --skip-name-resolve mode.
2018-06-06 20:16:56 14 [Warning] 'proxies_priv' entry '@ root@e24d0b5cccc1' ignored in --skip-name-resolve mode.
2018-06-06 20:16:56 14 [Note] Event Scheduler: Loaded 0 events
2018-06-06 20:16:56 14 [Note] /usr/sbin/mysqld: ready for connections.
Version: '5.6.37'  socket: '/var/run/mysqld/mysqld.sock'  port: 3306  MySQL Community Server (GPL)
2018-06-10 00:21:27 19 [Warning] Using unique option prefix myisam-recover instead of myisam-recover-options is deprecated and will be removed in a future release. Please use the full name instead.
2018-06-10 00:21:27 19 [Note] Plugin 'FEDERATED' is disabled.
2018-06-10 00:21:27 19 [Note] InnoDB: Using atomics to ref count buffer pool pages
2018-06-10 00:21:27 19 [Note] InnoDB: The InnoDB memory heap is disabled
2018-06-10 00:21:27 19 [Note] InnoDB: Mutexes and rw_locks use GCC atomic builtins
2018-06-10 00:21:27 19 [Note] InnoDB: Memory barrier is not used
2018-06-10 00:21:27 19 [Note] InnoDB: Compressed tables use zlib 1.2.3
2018-06-10 00:21:27 19 [Note] InnoDB: Using Linux native AIO
2018-06-10 00:21:27 19 [Note] InnoDB: Using CPU crc32 instructions
2018-06-10 00:21:27 19 [Note] InnoDB: Initializing buffer pool, size = 32.0M
2018-06-10 00:21:27 19 [Note] InnoDB: Completed initialization of buffer pool
2018-06-10 00:21:27 19 [Note] InnoDB: Highest supported file format is Barracuda.
2018-06-10 00:21:27 19 [Note] InnoDB: The log sequence numbers 1625987 and 1625987 in ibdata files do not match the log sequence number 12338083 in the ib_logfiles!
2018-06-10 00:21:27 19 [Note] InnoDB: Database was not shutdown normally!
2018-06-10 00:21:27 19 [Note] InnoDB: Starting crash recovery.
2018-06-10 00:21:27 19 [Note] InnoDB: Reading tablespace information from the .ibd files...
2018-06-10 00:21:27 19 [Note] InnoDB: Restoring possible half-written data pages 
2018-06-10 00:21:27 19 [Note] InnoDB: from the doublewrite buffer...
2018-06-10 00:21:28 19 [Note] InnoDB: 128 rollback segment(s) are active.
2018-06-10 00:21:28 19 [Note] InnoDB: Waiting for purge to start
2018-06-10 00:21:28 19 [Note] InnoDB: 5.6.37 started; log sequence number 12338083
2018-06-10 00:21:28 19 [Note] Server hostname (bind-address): '*'; port: 3306
2018-06-10 00:21:28 19 [Note] IPv6 is available.
2018-06-10 00:21:28 19 [Note]   - '::' resolves to '::';
2018-06-10 00:21:28 19 [Note] Server socket created on IP: '::'.
2018-06-10 00:21:28 19 [Warning] 'user' entry 'root@e24d0b5cccc1' ignored in --skip-name-resolve mode.
2018-06-10 00:21:28 19 [Warning] 'user' entry '@e24d0b5cccc1' ignored in --skip-name-resolve mode.
2018-06-10 00:21:28 19 [Warning] 'proxies_priv' entry '@ root@e24d0b5cccc1' ignored in --skip-name-resolve mode.
2018-06-10 00:21:28 19 [Note] Event Scheduler: Loaded 0 events
2018-06-10 00:21:28 19 [Note] /usr/sbin/mysqld: ready for connections.
Version: '5.6.37'  socket: '/var/run/mysqld/mysqld.sock'  port: 3306  MySQL Community Server (GPL)
2018-06-20 19:38:34 19 [Warning] Using unique option prefix myisam-recover instead of myisam-recover-options is deprecated and will be removed in a future release. Please use the full name instead.
2018-06-20 19:38:34 19 [Note] Plugin 'FEDERATED' is disabled.
2018-06-20 19:38:34 19 [Note] InnoDB: Using atomics to ref count buffer pool pages
2018-06-20 19:38:34 19 [Note] InnoDB: The InnoDB memory heap is disabled
2018-06-20 19:38:34 19 [Note] InnoDB: Mutexes and rw_locks use GCC atomic builtins
2018-06-20 19:38:34 19 [Note] InnoDB: Memory barrier is not used
2018-06-20 19:38:34 19 [Note] InnoDB: Compressed tables use zlib 1.2.3
2018-06-20 19:38:34 19 [Note] InnoDB: Using Linux native AIO
2018-06-20 19:38:34 19 [Note] InnoDB: Using CPU crc32 instructions
2018-06-20 19:38:34 19 [Note] InnoDB: Initializing buffer pool, size = 32.0M
2018-06-20 19:38:34 19 [Note] InnoDB: Completed initialization of buffer pool
2018-06-20 19:38:34 19 [Note] InnoDB: Highest supported file format is Barracuda.
2018-06-20 19:38:34 19 [Note] InnoDB: The log sequence numbers 1625987 and 1625987 in ibdata files do not match the log sequence number 17808426 in the ib_logfiles!
2018-06-20 19:38:34 19 [Note] InnoDB: Database was not shutdown normally!
2018-06-20 19:38:34 19 [Note] InnoDB: Starting crash recovery.
2018-06-20 19:38:34 19 [Note] InnoDB: Reading tablespace information from the .ibd files...
2018-06-20 19:38:34 19 [Note] InnoDB: Restoring possible half-written data pages 
2018-06-20 19:38:34 19 [Note] InnoDB: from the doublewrite buffer...
2018-06-20 19:38:35 19 [Note] InnoDB: 128 rollback segment(s) are active.
2018-06-20 19:38:35 19 [Note] InnoDB: Waiting for purge to start
2018-06-20 19:38:35 19 [Note] InnoDB: 5.6.37 started; log sequence number 17808426
2018-06-20 19:38:35 19 [Note] Server hostname (bind-address): '*'; port: 3306
2018-06-20 19:38:35 19 [Note] IPv6 is available.
2018-06-20 19:38:35 19 [Note]   - '::' resolves to '::';
2018-06-20 19:38:35 19 [Note] Server socket created on IP: '::'.
2018-06-20 19:38:35 19 [Warning] 'user' entry 'root@e24d0b5cccc1' ignored in --skip-name-resolve mode.
2018-06-20 19:38:35 19 [Warning] 'user' entry '@e24d0b5cccc1' ignored in --skip-name-resolve mode.
2018-06-20 19:38:35 19 [Warning] 'proxies_priv' entry '@ root@e24d0b5cccc1' ignored in --skip-name-resolve mode.
2018-06-20 19:38:35 19 [Note] Event Scheduler: Loaded 0 events
2018-06-20 19:38:35 19 [Note] /usr/sbin/mysqld: ready for connections.
Version: '5.6.37'  socket: '/var/run/mysqld/mysqld.sock'  port: 3306  MySQL Community Server (GPL)
2018-08-07 12:56:00 19 [Warning] Using unique option prefix myisam-recover instead of myisam-recover-options is deprecated and will be removed in a future release. Please use the full name instead.
2018-08-07 12:56:00 19 [Note] Plugin 'FEDERATED' is disabled.
2018-08-07 12:56:00 19 [Note] InnoDB: Using atomics to ref count buffer pool pages
2018-08-07 12:56:00 19 [Note] InnoDB: The InnoDB memory heap is disabled
2018-08-07 12:56:00 19 [Note] InnoDB: Mutexes and rw_locks use GCC atomic builtins
2018-08-07 12:56:00 19 [Note] InnoDB: Memory barrier is not used
2018-08-07 12:56:00 19 [Note] InnoDB: Compressed tables use zlib 1.2.3
2018-08-07 12:56:00 19 [Note] InnoDB: Using Linux native AIO
2018-08-07 12:56:00 19 [Note] InnoDB: Using CPU crc32 instructions
2018-08-07 12:56:00 19 [Note] InnoDB: Initializing buffer pool, size = 32.0M
2018-08-07 12:56:00 19 [Note] InnoDB: Completed initialization of buffer pool
2018-08-07 12:56:00 19 [Note] InnoDB: Highest supported file format is Barracuda.
2018-08-07 12:56:00 19 [Note] InnoDB: The log sequence numbers 1625987 and 1625987 in ibdata files do not match the log sequence number 41120320 in the ib_logfiles!
2018-08-07 12:56:00 19 [Note] InnoDB: Database was not shutdown normally!
2018-08-07 12:56:00 19 [Note] InnoDB: Starting crash recovery.
2018-08-07 12:56:00 19 [Note] InnoDB: Reading tablespace information from the .ibd files...
2018-08-07 12:56:00 19 [Note] InnoDB: Restoring possible half-written data pages 
2018-08-07 12:56:00 19 [Note] InnoDB: from the doublewrite buffer...
2018-08-07 12:56:01 19 [Note] InnoDB: 128 rollback segment(s) are active.
2018-08-07 12:56:01 19 [Note] InnoDB: Waiting for purge to start
2018-08-07 12:56:01 19 [Note] InnoDB: 5.6.37 started; log sequence number 41120320
2018-08-07 12:56:01 19 [Note] Server hostname (bind-address): '*'; port: 3306
2018-08-07 12:56:01 19 [Note] IPv6 is available.
2018-08-07 12:56:01 19 [Note]   - '::' resolves to '::';
2018-08-07 12:56:01 19 [Note] Server socket created on IP: '::'.
2018-08-07 12:56:01 19 [Warning] 'user' entry 'root@e24d0b5cccc1' ignored in --skip-name-resolve mode.
2018-08-07 12:56:01 19 [Warning] 'user' entry '@e24d0b5cccc1' ignored in --skip-name-resolve mode.
2018-08-07 12:56:01 19 [Warning] 'proxies_priv' entry '@ root@e24d0b5cccc1' ignored in --skip-name-resolve mode.
2018-08-07 12:56:01 19 [Note] Event Scheduler: Loaded 0 events
2018-08-07 12:56:01 19 [Note] /usr/sbin/mysqld: ready for connections.
Version: '5.6.37'  socket: '/var/run/mysqld/mysqld.sock'  port: 3306  MySQL Community Server (GPL)
2018-08-13 12:36:55 19 [Warning] Using unique option prefix myisam-recover instead of myisam-recover-options is deprecated and will be removed in a future release. Please use the full name instead.
2018-08-13 12:36:55 19 [Note] Plugin 'FEDERATED' is disabled.
2018-08-13 12:36:55 19 [Note] InnoDB: Using atomics to ref count buffer pool pages
2018-08-13 12:36:55 19 [Note] InnoDB: The InnoDB memory heap is disabled
2018-08-13 12:36:55 19 [Note] InnoDB: Mutexes and rw_locks use GCC atomic builtins
2018-08-13 12:36:55 19 [Note] InnoDB: Memory barrier is not used
2018-08-13 12:36:55 19 [Note] InnoDB: Compressed tables use zlib 1.2.3
2018-08-13 12:36:55 19 [Note] InnoDB: Using Linux native AIO
2018-08-13 12:36:55 19 [Note] InnoDB: Using CPU crc32 instructions
2018-08-13 12:36:55 19 [Note] InnoDB: Initializing buffer pool, size = 32.0M
2018-08-13 12:36:55 19 [Note] InnoDB: Completed initialization of buffer pool
2018-08-13 12:36:55 19 [Note] InnoDB: Highest supported file format is Barracuda.
2018-08-13 12:36:55 19 [Note] InnoDB: The log sequence numbers 1625987 and 1625987 in ibdata files do not match the log sequence number 41966816 in the ib_logfiles!
2018-08-13 12:36:55 19 [Note] InnoDB: Database was not shutdown normally!
2018-08-13 12:36:55 19 [Note] InnoDB: Starting crash recovery.
2018-08-13 12:36:55 19 [Note] InnoDB: Reading tablespace information from the .ibd files...
2018-08-13 12:36:55 19 [Note] InnoDB: Restoring possible half-written data pages 
2018-08-13 12:36:55 19 [Note] InnoDB: from the doublewrite buffer...
2018-08-13 12:36:56 19 [Note] InnoDB: 128 rollback segment(s) are active.
2018-08-13 12:36:56 19 [Note] InnoDB: Waiting for purge to start
2018-08-13 12:36:56 19 [Note] InnoDB: 5.6.37 started; log sequence number 41966816
2018-08-13 12:36:56 19 [Note] Server hostname (bind-address): '*'; port: 3306
2018-08-13 12:36:56 19 [Note] IPv6 is available.
2018-08-13 12:36:56 19 [Note]   - '::' resolves to '::';
2018-08-13 12:36:56 19 [Note] Server socket created on IP: '::'.
2018-08-13 12:36:56 19 [Warning] 'user' entry 'root@e24d0b5cccc1' ignored in --skip-name-resolve mode.
2018-08-13 12:36:56 19 [Warning] 'user' entry '@e24d0b5cccc1' ignored in --skip-name-resolve mode.
2018-08-13 12:36:56 19 [Warning] 'proxies_priv' entry '@ root@e24d0b5cccc1' ignored in --skip-name-resolve mode.
2018-08-13 12:36:56 19 [Note] Event Scheduler: Loaded 0 events
2018-08-13 12:36:56 19 [Note] /usr/sbin/mysqld: ready for connections.
Version: '5.6.37'  socket: '/var/run/mysqld/mysqld.sock'  port: 3306  MySQL Community Server (GPL)
2018-08-16 17:35:03 19 [Warning] Using unique option prefix myisam-recover instead of myisam-recover-options is deprecated and will be removed in a future release. Please use the full name instead.
2018-08-16 17:35:03 19 [Note] Plugin 'FEDERATED' is disabled.
2018-08-16 17:35:03 19 [Note] InnoDB: Using atomics to ref count buffer pool pages
2018-08-16 17:35:03 19 [Note] InnoDB: The InnoDB memory heap is disabled
2018-08-16 17:35:03 19 [Note] InnoDB: Mutexes and rw_locks use GCC atomic builtins
2018-08-16 17:35:03 19 [Note] InnoDB: Memory barrier is not used
2018-08-16 17:35:03 19 [Note] InnoDB: Compressed tables use zlib 1.2.3
2018-08-16 17:35:03 19 [Note] InnoDB: Using Linux native AIO
2018-08-16 17:35:03 19 [Note] InnoDB: Using CPU crc32 instructions
2018-08-16 17:35:03 19 [Note] InnoDB: Initializing buffer pool, size = 32.0M
2018-08-16 17:35:03 19 [Note] InnoDB: Completed initialization of buffer pool
2018-08-16 17:35:03 19 [Note] InnoDB: Highest supported file format is Barracuda.
2018-08-16 17:35:03 19 [Note] InnoDB: The log sequence numbers 1625987 and 1625987 in ibdata files do not match the log sequence number 42124049 in the ib_logfiles!
2018-08-16 17:35:03 19 [Note] InnoDB: Database was not shutdown normally!
2018-08-16 17:35:03 19 [Note] InnoDB: Starting crash recovery.
2018-08-16 17:35:03 19 [Note] InnoDB: Reading tablespace information from the .ibd files...
2018-08-16 17:35:03 19 [Note] InnoDB: Restoring possible half-written data pages 
2018-08-16 17:35:03 19 [Note] InnoDB: from the doublewrite buffer...
2018-08-16 17:35:03 19 [Note] InnoDB: 128 rollback segment(s) are active.
2018-08-16 17:35:03 19 [Note] InnoDB: Waiting for purge to start
2018-08-16 17:35:03 19 [Note] InnoDB: 5.6.37 started; log sequence number 42124049
2018-08-16 17:35:03 19 [Note] Server hostname (bind-address): '*'; port: 3306
2018-08-16 17:35:03 19 [Note] IPv6 is available.
2018-08-16 17:35:03 19 [Note]   - '::' resolves to '::';
2018-08-16 17:35:03 19 [Note] Server socket created on IP: '::'.
2018-08-16 17:35:03 19 [Warning] 'user' entry 'root@e24d0b5cccc1' ignored in --skip-name-resolve mode.
2018-08-16 17:35:03 19 [Warning] 'user' entry '@e24d0b5cccc1' ignored in --skip-name-resolve mode.
2018-08-16 17:35:03 19 [Warning] 'proxies_priv' entry '@ root@e24d0b5cccc1' ignored in --skip-name-resolve mode.
2018-08-16 17:35:04 19 [Note] Event Scheduler: Loaded 0 events
2018-08-16 17:35:04 19 [Note] /usr/sbin/mysqld: ready for connections.
Version: '5.6.37'  socket: '/var/run/mysqld/mysqld.sock'  port: 3306  MySQL Community Server (GPL)
2018-08-18 19:21:50 19 [Warning] Using unique option prefix myisam-recover instead of myisam-recover-options is deprecated and will be removed in a future release. Please use the full name instead.
2018-08-18 19:21:50 19 [Note] Plugin 'FEDERATED' is disabled.
2018-08-18 19:21:50 19 [Note] InnoDB: Using atomics to ref count buffer pool pages
2018-08-18 19:21:50 19 [Note] InnoDB: The InnoDB memory heap is disabled
2018-08-18 19:21:50 19 [Note] InnoDB: Mutexes and rw_locks use GCC atomic builtins
2018-08-18 19:21:50 19 [Note] InnoDB: Memory barrier is not used
2018-08-18 19:21:50 19 [Note] InnoDB: Compressed tables use zlib 1.2.3
2018-08-18 19:21:50 19 [Note] InnoDB: Using Linux native AIO
2018-08-18 19:21:50 19 [Note] InnoDB: Using CPU crc32 instructions
2018-08-18 19:21:50 19 [Note] InnoDB: Initializing buffer pool, size = 32.0M
2018-08-18 19:21:50 19 [Note] InnoDB: Completed initialization of buffer pool
2018-08-18 19:21:50 19 [Note] InnoDB: Highest supported file format is Barracuda.
2018-08-18 19:21:50 19 [Note] InnoDB: The log sequence numbers 1625987 and 1625987 in ibdata files do not match the log sequence number 43695225 in the ib_logfiles!
2018-08-18 19:21:50 19 [Note] InnoDB: Database was not shutdown normally!
2018-08-18 19:21:50 19 [Note] InnoDB: Starting crash recovery.
2018-08-18 19:21:50 19 [Note] InnoDB: Reading tablespace information from the .ibd files...
2018-08-18 19:21:50 19 [Note] InnoDB: Restoring possible half-written data pages 
2018-08-18 19:21:50 19 [Note] InnoDB: from the doublewrite buffer...
2018-08-18 19:21:50 19 [Note] InnoDB: 128 rollback segment(s) are active.
2018-08-18 19:21:50 19 [Note] InnoDB: Waiting for purge to start
2018-08-18 19:21:50 19 [Note] InnoDB: 5.6.37 started; log sequence number 43695225
2018-08-18 19:21:50 19 [Note] Server hostname (bind-address): '*'; port: 3306
2018-08-18 19:21:50 19 [Note] IPv6 is available.
2018-08-18 19:21:50 19 [Note]   - '::' resolves to '::';
2018-08-18 19:21:50 19 [Note] Server socket created on IP: '::'.
2018-08-18 19:21:50 19 [Warning] 'user' entry 'root@e24d0b5cccc1' ignored in --skip-name-resolve mode.
2018-08-18 19:21:50 19 [Warning] 'user' entry '@e24d0b5cccc1' ignored in --skip-name-resolve mode.
2018-08-18 19:21:50 19 [Warning] 'proxies_priv' entry '@ root@e24d0b5cccc1' ignored in --skip-name-resolve mode.
2018-08-18 19:21:51 19 [Note] Event Scheduler: Loaded 0 events
2018-08-18 19:21:51 19 [Note] /usr/sbin/mysqld: ready for connections.
Version: '5.6.37'  socket: '/var/run/mysqld/mysqld.sock'  port: 3306  MySQL Community Server (GPL)
2018-08-27 22:12:45 19 [Note] /usr/sbin/mysqld: Normal shutdown

2018-08-27 22:12:45 19 [Note] Giving 0 client threads a chance to die gracefully
2018-08-27 22:12:45 19 [Note] Event Scheduler: Purging the queue. 0 events
2018-08-27 22:12:45 19 [Note] Shutting down slave threads
2018-08-27 22:12:45 19 [Note] Forcefully disconnecting 0 remaining clients
2018-08-27 22:12:45 19 [Note] Binlog end
2018-08-27 22:12:45 19 [Note] Shutting down plugin 'partition'
2018-08-27 22:12:45 19 [Note] Shutting down plugin 'INNODB_SYS_DATAFILES'
2018-08-27 22:12:45 19 [Note] Shutting down plugin 'INNODB_SYS_TABLESPACES'
2018-08-27 22:12:45 19 [Note] Shutting down plugin 'INNODB_SYS_FOREIGN_COLS'
2018-08-27 22:12:45 19 [Note] Shutting down plugin 'INNODB_SYS_FOREIGN'
2018-08-27 22:12:45 19 [Note] Shutting down plugin 'INNODB_SYS_FIELDS'
2018-08-27 22:12:45 19 [Note] Shutting down plugin 'INNODB_SYS_COLUMNS'
2018-08-27 22:12:45 19 [Note] Shutting down plugin 'INNODB_SYS_INDEXES'
2018-08-27 22:12:45 19 [Note] Shutting down plugin 'INNODB_SYS_TABLESTATS'
2018-08-27 22:12:45 19 [Note] Shutting down plugin 'INNODB_SYS_TABLES'
2018-08-27 22:12:45 19 [Note] Shutting down plugin 'INNODB_FT_INDEX_TABLE'
2018-08-27 22:12:45 19 [Note] Shutting down plugin 'INNODB_FT_INDEX_CACHE'
2018-08-27 22:12:45 19 [Note] Shutting down plugin 'INNODB_FT_CONFIG'
2018-08-27 22:12:45 19 [Note] Shutting down plugin 'INNODB_FT_BEING_DELETED'
2018-08-27 22:12:45 19 [Note] Shutting down plugin 'INNODB_FT_DELETED'
2018-08-27 22:12:45 19 [Note] Shutting down plugin 'INNODB_FT_DEFAULT_STOPWORD'
2018-08-27 22:12:45 19 [Note] Shutting down plugin 'INNODB_METRICS'
2018-08-27 22:12:45 19 [Note] Shutting down plugin 'INNODB_BUFFER_POOL_STATS'
2018-08-27 22:12:45 19 [Note] Shutting down plugin 'INNODB_BUFFER_PAGE_LRU'
2018-08-27 22:12:45 19 [Note] Shutting down plugin 'INNODB_BUFFER_PAGE'
2018-08-27 22:12:45 19 [Note] Shutting down plugin 'INNODB_CMP_PER_INDEX_RESET'
2018-08-27 22:12:45 19 [Note] Shutting down plugin 'INNODB_CMP_PER_INDEX'
2018-08-27 22:12:45 19 [Note] Shutting down plugin 'INNODB_CMPMEM_RESET'
2018-08-27 22:12:45 19 [Note] Shutting down plugin 'INNODB_CMPMEM'
2018-08-27 22:12:45 19 [Note] Shutting down plugin 'INNODB_CMP_RESET'
2018-08-27 22:12:45 19 [Note] Shutting down plugin 'INNODB_CMP'
2018-08-27 22:12:45 19 [Note] Shutting down plugin 'INNODB_LOCK_WAITS'
2018-08-27 22:12:45 19 [Note] Shutting down plugin 'INNODB_LOCKS'
2018-08-27 22:12:45 19 [Note] Shutting down plugin 'INNODB_TRX'
2018-08-27 22:12:45 19 [Note] Shutting down plugin 'InnoDB'
2018-08-27 22:12:45 19 [Note] InnoDB: FTS optimize thread exiting.
2018-08-27 22:12:45 19 [Note] InnoDB: Starting shutdown...
2018-08-27 22:12:47 19 [Note] InnoDB: Shutdown completed; log sequence number 72158759
2018-08-27 22:12:47 19 [Note] Shutting down plugin 'BLACKHOLE'
2018-08-27 22:12:47 19 [Note] Shutting down plugin 'ARCHIVE'
2018-08-27 22:12:47 19 [Note] Shutting down plugin 'PERFORMANCE_SCHEMA'
2018-08-27 22:12:47 19 [Note] Shutting down plugin 'MEMORY'
2018-08-27 22:12:47 19 [Note] Shutting down plugin 'MyISAM'
2018-08-27 22:12:47 19 [Note] Shutting down plugin 'MRG_MYISAM'
2018-08-27 22:12:47 19 [Note] Shutting down plugin 'CSV'
2018-08-27 22:12:47 19 [Note] Shutting down plugin 'sha256_password'
2018-08-27 22:12:47 19 [Note] Shutting down plugin 'mysql_old_password'
2018-08-27 22:12:47 19 [Note] Shutting down plugin 'mysql_native_password'
2018-08-27 22:12:47 19 [Note] Shutting down plugin 'binlog'
2018-08-27 22:12:47 19 [Note] /usr/sbin/mysqld: Shutdown complete

2018-08-27 22:12:55 43 [Warning] Using unique option prefix myisam-recover instead of myisam-recover-options is deprecated and will be removed in a future release. Please use the full name instead.
2018-08-27 22:12:55 43 [Note] Plugin 'FEDERATED' is disabled.
2018-08-27 22:12:55 43 [Note] InnoDB: Using atomics to ref count buffer pool pages
2018-08-27 22:12:55 43 [Note] InnoDB: The InnoDB memory heap is disabled
2018-08-27 22:12:55 43 [Note] InnoDB: Mutexes and rw_locks use GCC atomic builtins
2018-08-27 22:12:55 43 [Note] InnoDB: Memory barrier is not used
2018-08-27 22:12:55 43 [Note] InnoDB: Compressed tables use zlib 1.2.3
2018-08-27 22:12:55 43 [Note] InnoDB: Using Linux native AIO
2018-08-27 22:12:55 43 [Note] InnoDB: Using CPU crc32 instructions
2018-08-27 22:12:55 43 [Note] InnoDB: Initializing buffer pool, size = 32.0M
2018-08-27 22:12:55 43 [Note] InnoDB: Completed initialization of buffer pool
2018-08-27 22:12:55 43 [Note] InnoDB: Highest supported file format is Barracuda.
2018-08-27 22:12:55 43 [Note] InnoDB: 128 rollback segment(s) are active.
2018-08-27 22:12:55 43 [Note] InnoDB: Waiting for purge to start
2018-08-27 22:12:55 43 [Note] InnoDB: 5.6.37 started; log sequence number 72158759
2018-08-27 22:12:55 43 [Note] Server hostname (bind-address): '*'; port: 3306
2018-08-27 22:12:55 43 [Note] IPv6 is available.
2018-08-27 22:12:55 43 [Note]   - '::' resolves to '::';
2018-08-27 22:12:55 43 [Note] Server socket created on IP: '::'.
2018-08-27 22:12:55 43 [Warning] 'user' entry 'root@e24d0b5cccc1' ignored in --skip-name-resolve mode.
2018-08-27 22:12:55 43 [Warning] 'user' entry '@e24d0b5cccc1' ignored in --skip-name-resolve mode.
2018-08-27 22:12:55 43 [Warning] 'proxies_priv' entry '@ root@e24d0b5cccc1' ignored in --skip-name-resolve mode.
2018-08-27 22:12:55 43 [Note] Event Scheduler: Loaded 0 events
2018-08-27 22:12:55 43 [Note] /usr/sbin/mysqld: ready for connections.
Version: '5.6.37'  socket: '/var/run/mysqld/mysqld.sock'  port: 3306  MySQL Community Server (GPL)
2018-09-03 22:15:17 19 [Warning] Using unique option prefix myisam-recover instead of myisam-recover-options is deprecated and will be removed in a future release. Please use the full name instead.
2018-09-03 22:15:17 19 [Note] Plugin 'FEDERATED' is disabled.
2018-09-03 22:15:17 19 [Note] InnoDB: Using atomics to ref count buffer pool pages
2018-09-03 22:15:17 19 [Note] InnoDB: The InnoDB memory heap is disabled
2018-09-03 22:15:17 19 [Note] InnoDB: Mutexes and rw_locks use GCC atomic builtins
2018-09-03 22:15:17 19 [Note] InnoDB: Memory barrier is not used
2018-09-03 22:15:17 19 [Note] InnoDB: Compressed tables use zlib 1.2.3
2018-09-03 22:15:17 19 [Note] InnoDB: Using Linux native AIO
2018-09-03 22:15:17 19 [Note] InnoDB: Using CPU crc32 instructions
2018-09-03 22:15:17 19 [Note] InnoDB: Initializing buffer pool, size = 32.0M
2018-09-03 22:15:17 19 [Note] InnoDB: Completed initialization of buffer pool
2018-09-03 22:15:17 19 [Note] InnoDB: Highest supported file format is Barracuda.
2018-09-03 22:15:17 19 [Note] InnoDB: The log sequence numbers 72158759 and 72158759 in ibdata files do not match the log sequence number 73901933 in the ib_logfiles!
2018-09-03 22:15:17 19 [Note] InnoDB: Database was not shutdown normally!
2018-09-03 22:15:17 19 [Note] InnoDB: Starting crash recovery.
2018-09-03 22:15:17 19 [Note] InnoDB: Reading tablespace information from the .ibd files...
2018-09-03 22:15:17 19 [Note] InnoDB: Restoring possible half-written data pages 
2018-09-03 22:15:17 19 [Note] InnoDB: from the doublewrite buffer...
2018-09-03 22:15:17 19 [Note] InnoDB: 128 rollback segment(s) are active.
2018-09-03 22:15:17 19 [Note] InnoDB: Waiting for purge to start
2018-09-03 22:15:17 19 [Note] InnoDB: 5.6.37 started; log sequence number 73901933
2018-09-03 22:15:17 19 [Note] Server hostname (bind-address): '*'; port: 3306
2018-09-03 22:15:17 19 [Note] IPv6 is available.
2018-09-03 22:15:17 19 [Note]   - '::' resolves to '::';
2018-09-03 22:15:17 19 [Note] Server socket created on IP: '::'.
2018-09-03 22:15:17 19 [Warning] 'user' entry 'root@e24d0b5cccc1' ignored in --skip-name-resolve mode.
2018-09-03 22:15:17 19 [Warning] 'user' entry '@e24d0b5cccc1' ignored in --skip-name-resolve mode.
2018-09-03 22:15:17 19 [Warning] 'proxies_priv' entry '@ root@e24d0b5cccc1' ignored in --skip-name-resolve mode.
2018-09-03 22:15:17 19 [Note] Event Scheduler: Loaded 0 events
2018-09-03 22:15:17 19 [Note] /usr/sbin/mysqld: ready for connections.
Version: '5.6.37'  socket: '/var/run/mysqld/mysqld.sock'  port: 3306  MySQL Community Server (GPL)
2018-09-06 15:20:26 19 [Note] /usr/sbin/mysqld: Normal shutdown

2018-09-06 15:20:26 19 [Note] Giving 0 client threads a chance to die gracefully
2018-09-06 15:20:26 19 [Note] Event Scheduler: Purging the queue. 0 events
2018-09-06 15:20:26 19 [Note] Shutting down slave threads
2018-09-06 15:20:26 19 [Note] Forcefully disconnecting 0 remaining clients
2018-09-06 15:20:26 19 [Note] Binlog end
2018-09-06 15:20:26 19 [Note] Shutting down plugin 'partition'
2018-09-06 15:20:26 19 [Note] Shutting down plugin 'INNODB_SYS_DATAFILES'
2018-09-06 15:20:26 19 [Note] Shutting down plugin 'INNODB_SYS_TABLESPACES'
2018-09-06 15:20:26 19 [Note] Shutting down plugin 'INNODB_SYS_FOREIGN_COLS'
2018-09-06 15:20:26 19 [Note] Shutting down plugin 'INNODB_SYS_FOREIGN'
2018-09-06 15:20:26 19 [Note] Shutting down plugin 'INNODB_SYS_FIELDS'
2018-09-06 15:20:26 19 [Note] Shutting down plugin 'INNODB_SYS_COLUMNS'
2018-09-06 15:20:26 19 [Note] Shutting down plugin 'INNODB_SYS_INDEXES'
2018-09-06 15:20:26 19 [Note] Shutting down plugin 'INNODB_SYS_TABLESTATS'
2018-09-06 15:20:26 19 [Note] Shutting down plugin 'INNODB_SYS_TABLES'
2018-09-06 15:20:26 19 [Note] Shutting down plugin 'INNODB_FT_INDEX_TABLE'
2018-09-06 15:20:26 19 [Note] Shutting down plugin 'INNODB_FT_INDEX_CACHE'
2018-09-06 15:20:26 19 [Note] Shutting down plugin 'INNODB_FT_CONFIG'
2018-09-06 15:20:26 19 [Note] Shutting down plugin 'INNODB_FT_BEING_DELETED'
2018-09-06 15:20:26 19 [Note] Shutting down plugin 'INNODB_FT_DELETED'
2018-09-06 15:20:26 19 [Note] Shutting down plugin 'INNODB_FT_DEFAULT_STOPWORD'
2018-09-06 15:20:26 19 [Note] Shutting down plugin 'INNODB_METRICS'
2018-09-06 15:20:26 19 [Note] Shutting down plugin 'INNODB_BUFFER_POOL_STATS'
2018-09-06 15:20:26 19 [Note] Shutting down plugin 'INNODB_BUFFER_PAGE_LRU'
2018-09-06 15:20:26 19 [Note] Shutting down plugin 'INNODB_BUFFER_PAGE'
2018-09-06 15:20:26 19 [Note] Shutting down plugin 'INNODB_CMP_PER_INDEX_RESET'
2018-09-06 15:20:26 19 [Note] Shutting down plugin 'INNODB_CMP_PER_INDEX'
2018-09-06 15:20:26 19 [Note] Shutting down plugin 'INNODB_CMPMEM_RESET'
2018-09-06 15:20:26 19 [Note] Shutting down plugin 'INNODB_CMPMEM'
2018-09-06 15:20:26 19 [Note] Shutting down plugin 'INNODB_CMP_RESET'
2018-09-06 15:20:26 19 [Note] Shutting down plugin 'INNODB_CMP'
2018-09-06 15:20:26 19 [Note] Shutting down plugin 'INNODB_LOCK_WAITS'
2018-09-06 15:20:26 19 [Note] Shutting down plugin 'INNODB_LOCKS'
2018-09-06 15:20:26 19 [Note] Shutting down plugin 'INNODB_TRX'
2018-09-06 15:20:26 19 [Note] Shutting down plugin 'InnoDB'
2018-09-06 15:20:26 19 [Note] InnoDB: FTS optimize thread exiting.
2018-09-06 15:20:26 19 [Note] InnoDB: Starting shutdown...
2018-09-06 15:20:28 19 [Note] InnoDB: Shutdown completed; log sequence number 74152231
2018-09-06 15:20:28 19 [Note] Shutting down plugin 'BLACKHOLE'
2018-09-06 15:20:28 19 [Note] Shutting down plugin 'ARCHIVE'
2018-09-06 15:20:28 19 [Note] Shutting down plugin 'PERFORMANCE_SCHEMA'
2018-09-06 15:20:28 19 [Note] Shutting down plugin 'MEMORY'
2018-09-06 15:20:28 19 [Note] Shutting down plugin 'MyISAM'
2018-09-06 15:20:28 19 [Note] Shutting down plugin 'MRG_MYISAM'
2018-09-06 15:20:28 19 [Note] Shutting down plugin 'CSV'
2018-09-06 15:20:28 19 [Note] Shutting down plugin 'sha256_password'
2018-09-06 15:20:28 19 [Note] Shutting down plugin 'mysql_old_password'
2018-09-06 15:20:28 19 [Note] Shutting down plugin 'mysql_native_password'
2018-09-06 15:20:28 19 [Note] Shutting down plugin 'binlog'
2018-09-06 15:20:28 19 [Note] /usr/sbin/mysqld: Shutdown complete

2018-09-06 15:57:00 38 [Warning] Using unique option prefix myisam-recover instead of myisam-recover-options is deprecated and will be removed in a future release. Please use the full name instead.
2018-09-06 15:57:00 38 [Note] Plugin 'FEDERATED' is disabled.
2018-09-06 15:57:00 38 [Note] InnoDB: Using atomics to ref count buffer pool pages
2018-09-06 15:57:00 38 [Note] InnoDB: The InnoDB memory heap is disabled
2018-09-06 15:57:00 38 [Note] InnoDB: Mutexes and rw_locks use GCC atomic builtins
2018-09-06 15:57:00 38 [Note] InnoDB: Memory barrier is not used
2018-09-06 15:57:00 38 [Note] InnoDB: Compressed tables use zlib 1.2.3
2018-09-06 15:57:00 38 [Note] InnoDB: Using Linux native AIO
2018-09-06 15:57:00 38 [Note] InnoDB: Using CPU crc32 instructions
2018-09-06 15:57:00 38 [Note] InnoDB: Initializing buffer pool, size = 32.0M
2018-09-06 15:57:00 38 [Note] InnoDB: Completed initialization of buffer pool
2018-09-06 15:57:00 38 [Note] InnoDB: Highest supported file format is Barracuda.
2018-09-06 15:57:00 38 [Note] InnoDB: 128 rollback segment(s) are active.
2018-09-06 15:57:00 38 [Note] InnoDB: Waiting for purge to start
2018-09-06 15:57:01 38 [Note] InnoDB: 5.6.37 started; log sequence number 74152231
2018-09-06 15:57:01 38 [Note] Server hostname (bind-address): '*'; port: 3306
2018-09-06 15:57:01 38 [Note] IPv6 is available.
2018-09-06 15:57:01 38 [Note]   - '::' resolves to '::';
2018-09-06 15:57:01 38 [Note] Server socket created on IP: '::'.
2018-09-06 15:57:01 38 [Warning] 'user' entry 'root@e24d0b5cccc1' ignored in --skip-name-resolve mode.
2018-09-06 15:57:01 38 [Warning] 'user' entry '@e24d0b5cccc1' ignored in --skip-name-resolve mode.
2018-09-06 15:57:01 38 [Warning] 'proxies_priv' entry '@ root@e24d0b5cccc1' ignored in --skip-name-resolve mode.
2018-09-06 15:57:01 38 [Note] Event Scheduler: Loaded 0 events
2018-09-06 15:57:01 38 [Note] /usr/sbin/mysqld: ready for connections.
Version: '5.6.37'  socket: '/var/run/mysqld/mysqld.sock'  port: 3306  MySQL Community Server (GPL)
2018-09-06 19:38:10 49 [Warning] Using unique option prefix myisam-recover instead of myisam-recover-options is deprecated and will be removed in a future release. Please use the full name instead.
2018-09-06 19:38:10 49 [Note] Plugin 'FEDERATED' is disabled.
2018-09-06 19:38:10 49 [Note] InnoDB: Using atomics to ref count buffer pool pages
2018-09-06 19:38:10 49 [Note] InnoDB: The InnoDB memory heap is disabled
2018-09-06 19:38:10 49 [Note] InnoDB: Mutexes and rw_locks use GCC atomic builtins
2018-09-06 19:38:10 49 [Note] InnoDB: Memory barrier is not used
2018-09-06 19:38:10 49 [Note] InnoDB: Compressed tables use zlib 1.2.3
2018-09-06 19:38:10 49 [Note] InnoDB: Using Linux native AIO
2018-09-06 19:38:10 49 [Note] InnoDB: Using CPU crc32 instructions
2018-09-06 19:38:10 49 [Note] InnoDB: Initializing buffer pool, size = 32.0M
2018-09-06 19:38:10 49 [Note] InnoDB: Completed initialization of buffer pool
2018-09-06 19:38:10 49 [Note] InnoDB: Highest supported file format is Barracuda.
2018-09-06 19:38:10 49 [Note] InnoDB: The log sequence numbers 74152231 and 74152231 in ibdata files do not match the log sequence number 74152241 in the ib_logfiles!
2018-09-06 19:38:10 49 [Note] InnoDB: Database was not shutdown normally!
2018-09-06 19:38:10 49 [Note] InnoDB: Starting crash recovery.
2018-09-06 19:38:10 49 [Note] InnoDB: Reading tablespace information from the .ibd files...
2018-09-06 19:38:10 49 [Note] InnoDB: Restoring possible half-written data pages 
2018-09-06 19:38:10 49 [Note] InnoDB: from the doublewrite buffer...
2018-09-06 19:38:10 49 [Note] InnoDB: 128 rollback segment(s) are active.
2018-09-06 19:38:10 49 [Note] InnoDB: Waiting for purge to start
2018-09-06 19:38:10 49 [Note] InnoDB: 5.6.37 started; log sequence number 74152241
2018-09-06 19:38:10 49 [Note] Server hostname (bind-address): '*'; port: 3306
2018-09-06 19:38:10 49 [Note] IPv6 is available.
2018-09-06 19:38:10 49 [Note]   - '::' resolves to '::';
2018-09-06 19:38:10 49 [Note] Server socket created on IP: '::'.
2018-09-06 19:38:10 49 [Warning] 'user' entry 'root@e24d0b5cccc1' ignored in --skip-name-resolve mode.
2018-09-06 19:38:10 49 [Warning] 'user' entry '@e24d0b5cccc1' ignored in --skip-name-resolve mode.
2018-09-06 19:38:10 49 [Warning] 'proxies_priv' entry '@ root@e24d0b5cccc1' ignored in --skip-name-resolve mode.
2018-09-06 19:38:10 49 [Note] Event Scheduler: Loaded 0 events
2018-09-06 19:38:10 49 [Note] /usr/sbin/mysqld: ready for connections.
Version: '5.6.37'  socket: '/var/run/mysqld/mysqld.sock'  port: 3306  MySQL Community Server (GPL)
2018-10-02 22:50:02 21 [Warning] Using unique option prefix myisam-recover instead of myisam-recover-options is deprecated and will be removed in a future release. Please use the full name instead.
2018-10-02 22:50:02 21 [Note] Plugin 'FEDERATED' is disabled.
2018-10-02 22:50:02 21 [Note] InnoDB: Using atomics to ref count buffer pool pages
2018-10-02 22:50:02 21 [Note] InnoDB: The InnoDB memory heap is disabled
2018-10-02 22:50:02 21 [Note] InnoDB: Mutexes and rw_locks use GCC atomic builtins
2018-10-02 22:50:02 21 [Note] InnoDB: Memory barrier is not used
2018-10-02 22:50:02 21 [Note] InnoDB: Compressed tables use zlib 1.2.3
2018-10-02 22:50:02 21 [Note] InnoDB: Using Linux native AIO
2018-10-02 22:50:02 21 [Note] InnoDB: Using CPU crc32 instructions
2018-10-02 22:50:02 21 [Note] InnoDB: Initializing buffer pool, size = 32.0M
2018-10-02 22:50:02 21 [Note] InnoDB: Completed initialization of buffer pool
2018-10-02 22:50:02 21 [Note] InnoDB: Highest supported file format is Barracuda.
2018-10-02 22:50:02 21 [Note] InnoDB: The log sequence numbers 74152231 and 74152231 in ibdata files do not match the log sequence number 74373103 in the ib_logfiles!
2018-10-02 22:50:02 21 [Note] InnoDB: Database was not shutdown normally!
2018-10-02 22:50:02 21 [Note] InnoDB: Starting crash recovery.
2018-10-02 22:50:02 21 [Note] InnoDB: Reading tablespace information from the .ibd files...
2018-10-02 22:50:02 21 [Note] InnoDB: Restoring possible half-written data pages 
2018-10-02 22:50:02 21 [Note] InnoDB: from the doublewrite buffer...
2018-10-02 22:50:03 21 [Note] InnoDB: 128 rollback segment(s) are active.
2018-10-02 22:50:03 21 [Note] InnoDB: Waiting for purge to start
2018-10-02 22:50:03 21 [Note] InnoDB: 5.6.37 started; log sequence number 74373103
2018-10-02 22:50:03 21 [Note] Server hostname (bind-address): '*'; port: 3306
2018-10-02 22:50:03 21 [Note] IPv6 is available.
2018-10-02 22:50:03 21 [Note]   - '::' resolves to '::';
2018-10-02 22:50:03 21 [Note] Server socket created on IP: '::'.
2018-10-02 22:50:03 21 [Warning] 'user' entry 'root@e24d0b5cccc1' ignored in --skip-name-resolve mode.
2018-10-02 22:50:03 21 [Warning] 'user' entry '@e24d0b5cccc1' ignored in --skip-name-resolve mode.
2018-10-02 22:50:03 21 [Warning] 'proxies_priv' entry '@ root@e24d0b5cccc1' ignored in --skip-name-resolve mode.
2018-10-02 22:50:03 21 [Note] Event Scheduler: Loaded 0 events
2018-10-02 22:50:03 21 [Note] /usr/sbin/mysqld: ready for connections.
Version: '5.6.37'  socket: '/var/run/mysqld/mysqld.sock'  port: 3306  MySQL Community Server (GPL)
